"../../../Engine/Content/EditorResources/S_Actor.uasset" 0
"../../../Engine/Content/EngineFonts/Roboto.uasset" 1
"../../../Engine/Content/Functions/Engine_MaterialFunctions01/Shading/PowerToRoughness.uasset" 2
"../../../Engine/Content/Functions/Engine_MaterialFunctions01/Shading/ConvertFromDiffSpec.uasset" 3
"../../../Engine/Content/EngineMaterials/DefaultDiffuse.uasset" 4
"../../../Engine/Content/EngineMaterials/DefaultDeferredDecalMaterial.uasset" 5
"../../../Engine/Content/EngineMaterials/DefaultLightFunctionMaterial.uasset" 6
"../../../Engine/Content/Functions/Engine_MaterialFunctions02/Utility/BreakOutFloat2Components.uasset" 7
"../../../Engine/Content/EngineMaterials/DefaultPostProcessMaterial.uasset" 8
"../../../Engine/Content/EngineResources/DefaultTexture.uasset" 9
"../../../Engine/Content/Functions/Engine_MaterialFunctions01/Texturing/ScaleUVsByCenter.uasset" 10
"../../../Engine/Content/Functions/Engine_MaterialFunctions02/ScreenResolution.uasset" 11
"../../../Engine/Content/Functions/Engine_MaterialFunctions02/Texturing/ScreenAlignedUVs.uasset" 12
"../../../Engine/Content/EngineResources/WhiteSquareTexture.uasset" 13
"../../../Engine/Content/EngineMaterials/Widget3DPassThrough.uasset" 14
"../../../Engine/Content/EngineMaterials/Widget3DPassThrough_Translucent.uasset" 15
"../../../Engine/Content/EngineMaterials/Widget3DPassThrough_Translucent_OneSided.uasset" 16
"../../../Engine/Content/EngineMaterials/Widget3DPassThrough_Opaque.uasset" 17
"../../../Engine/Content/EngineMaterials/Widget3DPassThrough_Opaque_OneSided.uasset" 18
"../../../Engine/Content/EngineMaterials/Widget3DPassThrough_Masked.uasset" 19
"../../../Engine/Content/EngineMaterials/Widget3DPassThrough_Masked_OneSided.uasset" 20
"../../../Engine/Content/Maps/Templates/Thumbnails/Default.uasset" 21
"../../../Engine/Content/EditorMaterials/ParticleSystems/PSysThumbnail_NoImage.uasset" 22
"../../../Engine/Content/EditorMaterials/ParticleSystems/PSysThumbnail_OOD.uasset" 23
"../../../Engine/Content/EditorLandscapeResources/DataLayer.uasset" 24
"../../../Engine/Content/EngineDamageTypes/DmgTypeBP_Environmental.uasset" 25
"../../../Engine/Content/EngineMeshes/Sphere.uasset" 26
"../../../Engine/Content/EngineFonts/RobotoDistanceField.uasset" 27
"../../../Engine/Content/EngineMaterials/DefaultTextMaterialOpaque.uasset" 28
"../../../Engine/Content/EditorResources/S_Trigger.uasset" 29
"../../../Engine/Content/EngineResources/GradientTexture0.uasset" 30
"../../../Engine/Content/EngineResources/Black.uasset" 31
"../../../Engine/Content/EditorMaterials/MatineeGroups/MAT_Groups_Float.uasset" 32
"../../../Engine/Content/EditorMaterials/MatineeGroups/MAT_Groups_Director.uasset" 33
"../../../Engine/Content/EditorMaterials/MatineeGroups/MAT_Groups_Event.uasset" 34
"../../../Engine/Content/EditorMaterials/MatineeGroups/MAT_Groups_Anim.uasset" 35
"../../../Engine/Content/EditorMaterials/MatineeGroups/MAT_Groups_Fade.uasset" 36
"../../../Engine/Content/EditorMaterials/MatineeGroups/MAT_Groups_Move.uasset" 37
"../../../Engine/Content/EditorMaterials/MatineeGroups/MAT_Groups_Slomo.uasset" 38
"../../../Engine/Content/EditorMaterials/MatineeGroups/MAT_ColorTrack.uasset" 39
"../../../Engine/Content/EditorMaterials/MAT_Groups_Toggle.uasset" 40
"../../../Engine/Content/EditorMaterials/MatineeGroups/MAT_Groups_AudioMaster.uasset" 41
"../../../Engine/Content/EditorMaterials/MatineeGroups/MAT_Groups_Sound.uasset" 42
"../../../Engine/Content/EditorMaterials/MatineeGroups/MAT_Groups_Vector.uasset" 43
"../../../Engine/Content/EditorMaterials/MAT_Groups_Visibility.uasset" 44
"../../../Engine/Content/EngineResources/DefaultTextureCube.uasset" 45
"../../../Engine/Content/Functions/Engine_MaterialFunctions01/Opacity/CameraDepthFade.uasset" 46
"../../../Engine/Content/EngineMaterials/T_Default_Material_Grid_M.uasset" 47
"../../../Engine/Content/EngineMaterials/T_Default_Material_Grid_N.uasset" 48
"../../../Engine/Content/EngineMaterials/DefaultMaterial.uasset" 49
"../../../Engine/Content/EngineMeshes/Cylinder.uasset" 50
"../../../Engine/Content/EngineTireTypes/DefaultTireType.uasset" 51
"../../../Engine/Content/Tutorial/ContentIntroCurve.uasset" 52
"../../../Engine/Plugins/2D/Paper2D/Content/PlaceholderTextures/DummySpriteTexture.uasset" 53
"../../../Engine/Plugins/2D/Paper2D/Content/DefaultSpriteMaterial.uasset" 54
"../../../Engine/Plugins/2D/Paper2D/Content/MaskedUnlitSpriteMaterial.uasset" 55
"../../../Engine/Plugins/2D/Paper2D/Content/OpaqueUnlitSpriteMaterial.uasset" 56
"../../../Engine/Plugins/2D/Paper2D/Content/DummySprite.uasset" 57
"../../../Engine/Plugins/2D/Paper2D/Content/DefaultPaperTerrainMaterial.uasset" 58
"../../../Engine/Content/EngineMaterials/RemoveSurfaceMaterial.uasset" 59
"../../../Engine/Content/EngineDebugMaterials/DebugMeshMaterial.uasset" 60
"../../../Engine/Content/EngineMaterials/InvalidLightmapSettings.uasset" 61
"../../../Engine/Content/EngineMaterials/M_InvalidLightmapSettings.uasset" 62
"../../../Engine/Content/EditorMaterials/GizmoMaterial.uasset" 63
"../../../Engine/Content/EngineMaterials/Good64x64TilingNoiseHighFreq.uasset" 64
"../../../Engine/Content/EngineMaterials/DefaultBokeh.uasset" 65
"../../../Engine/Content/EngineMaterials/PreintegratedSkinBRDF.uasset" 66
"../../../Engine/Content/EngineMaterials/MiniFont.uasset" 67
"../../../Engine/Content/EngineMaterials/WeightMapPlaceholderTexture.uasset" 68
"../../../Engine/Content/EngineMaterials/DefaultWhiteGrid.uasset" 69
"../../../Engine/Content/EngineMaterials/DefaultPhysicalMaterial.uasset" 70
"../../../Engine/Content/EngineFonts/RobotoTiny.uasset" 71
"../../../Engine/Content/EngineResources/AICON-Red.uasset" 72
"../../../Engine/Content/EngineResources/AICON-Green.uasset" 73
"../../../Engine/Content/MobileResources/HUD/MobileHUDButton1_off.uasset" 74
"../../../Engine/Content/MobileResources/T_MobileControls_texture.uasset" 75
"../../../Engine/Content/EditorResources/AudioIcons/S_AudioComponent_AutoActivate.uasset" 76
"../../../Engine/Content/EditorResources/EmptyActor.uasset" 77
"../../../Engine/Content/MobileResources/HUD/AnalogHat.uasset" 78
"../../../Engine/Content/MobileResources/HUD/VirtualJoystick_Background.uasset" 79
"../../../Engine/Content/MobileResources/HUD/VirtualJoystick_Thumb.uasset" 80
"../../../Engine/Content/MobileResources/HUD/DefaultVirtualJoysticks.uasset" 81
"../../../Engine/Content/MobileResources/HUD/LeftVirtualJoystickOnly.uasset" 82
"../../../Engine/Content/MobileResources/HUD/MobileHUDDirectionPad2.uasset" 83
"../../../Engine/Content/MobileResources/HUD/MobileHUDButton1_on.uasset" 84
"../../../Engine/Content/MobileResources/HUD/T_Castle_ThumbstickOutter.uasset" 85
"../../../Engine/Content/MobileResources/HUD/MobileHUDButtonFire.uasset" 86
"../../../Engine/Content/MobileResources/HUD/MobileHUDButton2_on.uasset" 87
"../../../Engine/Content/MobileResources/HUD/MobileHUDButton2_off.uasset" 88
"../../../Engine/Content/MobileResources/T_MobileMenu2.uasset" 89
"../../../Engine/Content/MobileResources/HUD/MobileHUDDirectionPad.uasset" 90
"../../../Engine/Content/MobileResources/HUD/T_Castle_ThumbstickInner.uasset" 91
"../../../Engine/Content/MobileResources/HUD/MobileHUDDirectionStick.uasset" 92
"../../../Engine/Content/MobileResources/HUD/MobileHUDDirectionPad3.uasset" 93
"../../../Engine/Content/MobileResources/HUD/MobileHUDButton3.uasset" 94
"../../../Engine/Content/EditorMaterials/PhAT_JointLimitMaterial.uasset" 95
"../../../Engine/Content/EditorMaterials/PreviewShadowIndicator.uasset" 96
"../../../Engine/Content/EditorMaterials/PreviewShadowIndicatorMaterial.uasset" 97
"../../../Engine/Content/EditorMeshes/ColorCalibrator/M_ChromeBall.uasset" 98
"../../../Engine/Content/EditorMeshes/ColorCalibrator/M_ClearCoat.uasset" 99
"../../../Engine/Content/EditorMeshes/ColorCalibrator/M_ClearCoatBlack.uasset" 100
"../../../Engine/Content/EditorMeshes/ColorCalibrator/T_ColorGrid.uasset" 101
"../../../Engine/Content/EditorMeshes/ColorCalibrator/M_ColorGrid.uasset" 102
"../../../Engine/Content/EditorMeshes/ColorCalibrator/M_GreyBall.uasset" 103
"../../../Engine/Content/EditorMeshes/ColorCalibrator/SM_ColorCalibrator.uasset" 104
"../../../Engine/Content/EditorResources/BSPVertex.uasset" 105
"../../../Engine/Content/EngineDebugMaterials/HeatmapGradient.uasset" 106
"../../../Engine/Content/EngineDebugMaterials/BoneWeightMaterial.uasset" 107
"../../../Engine/Content/EngineDebugMaterials/GeomMaterial.uasset" 108
"../../../Engine/Content/EngineMaterials/EditorBrushMaterial.uasset" 109
"../../../Engine/Content/EngineMeshes/Cube.uasset" 110
"../../../Engine/Content/Tutorial/Basics/TutorialAssets/icon_tab_Levels_40x.uasset" 111
"../../../Engine/Content/Tutorial/BlueprintTutorials/TutorialAssets/BlueprintInterface_64x.uasset" 112
"../../../Engine/Content/Tutorial/BlueprintTutorials/TutorialAssets/BlueprintMacroLibrary_64x.uasset" 113
"../../../Engine/Content/Tutorial/BlueprintTutorials/TutorialAssets/Blueprint_64x.uasset" 114
"../../../Engine/Content/Tutorial/BlueprintTutorials/TutorialAssets/Tutorial_BP_Interface.uasset" 115
"../../../Engine/Content/Tutorial/Foliage/TutorialAssets/Foliage.uasset" 116
"../../../Engine/Content/Tutorial/Landscape/TutorialAssets/Landscape.uasset" 117
"../../../Engine/Content/Tutorial/Paper2D/TutorialAssets/Paper2DFlipbook_TutorialIcon.uasset" 118
"../../../Engine/Content/Tutorial/Paper2D/TutorialAssets/Paper2DSprite_TutorialIcon.uasset" 119
"../../../Engine/Content/Tutorial/SubEditors/TutorialAssets/icon_Editor_Preferences_General_40x.uasset" 120
"../../../Engine/Content/Tutorial/SubEditors/TutorialAssets/icon_ShowSkeletalMeshes_40x.uasset" 121
"../../../Engine/Content/Tutorial/SubEditors/TutorialAssets/TutorialMaterial.uasset" 122
"../../../Engine/Content/Tutorial/SubEditors/TutorialAssets/T_SmokeSubUV_8X8.uasset" 123
"../../../Engine/Content/Tutorial/SubEditors/TutorialAssets/T_soft_smoke.uasset" 124
"../../../Engine/Content/Tutorial/SubEditors/TutorialAssets/M_smoke_subUV_blackbody.uasset" 125
"../../../Engine/Content/Tutorial/SubEditors/TutorialAssets/TutorialParticleSystem.uasset" 126
"../../../Engine/Content/EngineMaterials/WorldGridMaterial.uasset" 127
"../../../Engine/Content/Tutorial/SubEditors/TutorialAssets/Tutorial_DM.uasset" 128
"../../../APEXTEST2/Content/Audio/LeaderBoards_Track1_Cue.uasset" 129
"../../../APEXTEST2/Content/Blueprints/iVibration.uasset" 130
"../../../APEXTEST2/Content/Blueprints/MySaveGame.uasset" 131
"../../../APEXTEST2/Content/Image/holodnaya_planeta_1920x1200.uasset" 132
"../../../APEXTEST2/Content/Blueprints/LeaderBoards2.uasset" 133
"../../../APEXTEST2/Content/Maps/LeadrBoardsFromMain.umap" 134
"../../../APEXTEST2/Content/Image/uzay-3d-2b8648.uasset" 135
"../../../APEXTEST2/Content/Blueprints/MainMEnu.uasset" 136
"../../../APEXTEST2/Content/Maps/MainMenu.umap" 137
"../../../Engine/Content/EngineMaterials/DefaultNormal.uasset" 138
"../../../Engine/Content/Maps/Entry.umap" 139
"../../../APEXTEST2/Content/AnimationAssets/UE4_Mannequin/Mesh/UE4_Mannequin_Skeleton.uasset" 140
"../../../APEXTEST2/Content/AnimationAssets/Idle_Rifle_Hip.uasset" 141
"../../../APEXTEST2/Content/AnimationAssets/Jog_Bwd_Rifle.uasset" 142
"../../../APEXTEST2/Content/AnimationAssets/Jog_Fwd_Rifle.uasset" 143
"../../../APEXTEST2/Content/AnimationAssets/Jog_Lt_Rifle.uasset" 144
"../../../APEXTEST2/Content/AnimationAssets/Jog_Rt_Rifle.uasset" 145
"../../../APEXTEST2/Content/AnimationAssets/HeroBlend.uasset" 146
"../../../Engine/Content/EditorBlueprintResources/StandardMacros.uasset" 147
"../../../APEXTEST2/Content/AnimationAssets/CharacterAnimBP.uasset" 148
"../../../APEXTEST2/Content/Materials/DamageBoostMat.uasset" 149
"../../../Engine/Content/BasicShapes/Sphere.uasset" 150
"../../../APEXTEST2/Content/Blueprints/DamagerBoost_Test.uasset" 151
"../../../APEXTEST2/Content/Blueprints/iDamageable.uasset" 152
"../../../APEXTEST2/Content/AnimationAssets/Enemy_Idle.uasset" 153
"../../../APEXTEST2/Content/AnimationAssets/Enemy_Walk.uasset" 154
"../../../APEXTEST2/Content/AnimationAssets/EnemyBlend.uasset" 155
"../../../APEXTEST2/Content/AnimationAssets/EnemyAnimBP2.uasset" 156
"../../../APEXTEST2/Content/Blueprints/EnemyAI.uasset" 157
"../../../APEXTEST2/Content/StarterContent/Audio/EnemyExplosionCue.uasset" 158
"../../../APEXTEST2/Content/StarterContent/Textures/T_Burst_M.uasset" 159
"../../../APEXTEST2/Content/StarterContent/Particles/Materials/M_Burst.uasset" 160
"../../../APEXTEST2/Content/StarterContent/Textures/T_Explosion_SubUV.uasset" 161
"../../../APEXTEST2/Content/StarterContent/Particles/Materials/M_explosion_subUV.uasset" 162
"../../../APEXTEST2/Content/StarterContent/Particles/Materials/m_flare_01.uasset" 163
"../../../Engine/Content/Functions/Engine_MaterialFunctions01/Gradient/RadialGradient.uasset" 164
"../../../APEXTEST2/Content/StarterContent/Particles/Materials/M_radial_ramp.uasset" 165
"../../../APEXTEST2/Content/StarterContent/Textures/T_Smoke_SubUV.uasset" 166
"../../../APEXTEST2/Content/StarterContent/Textures/T_Smoke_Tiled_D.uasset" 167
"../../../APEXTEST2/Content/StarterContent/Particles/Materials/M_smoke_subUV.uasset" 168
"../../../APEXTEST2/Content/StarterContent/Particles/P_Explosion.uasset" 169
"../../../APEXTEST2/Content/Blueprints/Explosion.uasset" 170
"../../../Engine/Content/Functions/Engine_MaterialFunctions02/Utility/BlendAngleCorrectedNormals.uasset" 171
"../../../Engine/Content/Functions/MaterialLayerFunctions/MatLayerBlend_AO.uasset" 172
"../../../Engine/Content/Functions/MaterialLayerFunctions/MatLayerBlend_NormalBlend.uasset" 173
"../../../Engine/Content/Functions/MaterialLayerFunctions/MatLayerBlend_Simple.uasset" 174
"../../../APEXTEST2/Content/AnimationAssets/UE4_Mannequin/Materials/MaterialLayers/T_ML_Rubber_Blue_01_D.uasset" 175
"../../../APEXTEST2/Content/AnimationAssets/UE4_Mannequin/Materials/MaterialLayers/T_ML_Rubber_Blue_01_N.uasset" 176
"../../../APEXTEST2/Content/AnimationAssets/UE4_Mannequin/Materials/MaterialLayers/ML_GlossyBlack_Latex_UE4.uasset" 177
"../../../APEXTEST2/Content/AnimationAssets/UE4_Mannequin/Materials/MaterialLayers/ML_Plastic_Shiny_Beige.uasset" 178
"../../../APEXTEST2/Content/AnimationAssets/UE4_Mannequin/Textures/UE4_LOGO_CARD.uasset" 179
"../../../APEXTEST2/Content/AnimationAssets/UE4_Mannequin/Materials/MaterialLayers/ML_Plastic_Shiny_Beige_LOGO.uasset" 180
"../../../APEXTEST2/Content/AnimationAssets/UE4_Mannequin/Materials/MaterialLayers/T_ML_Aluminum01.uasset" 181
"../../../APEXTEST2/Content/AnimationAssets/UE4_Mannequin/Materials/MaterialLayers/T_ML_Aluminum01_N.uasset" 182
"../../../APEXTEST2/Content/AnimationAssets/UE4_Mannequin/Materials/MaterialLayers/ML_SoftMetal_UE4.uasset" 183
"../../../APEXTEST2/Content/AnimationAssets/UE4_Mannequin/Textures/UE4_Mannequin__normals.uasset" 184
"../../../APEXTEST2/Content/AnimationAssets/UE4_Mannequin/Textures/UE4_Mannequin_MAT_MASKA.uasset" 185
"../../../APEXTEST2/Content/AnimationAssets/UE4_Mannequin/Textures/UE4_Mannequin_occlusion_Mobile.uasset" 186
"../../../APEXTEST2/Content/AnimationAssets/UE4_Mannequin/Materials/M_UE4Man_Body.uasset" 187
"../../../APEXTEST2/Content/AnimationAssets/UE4_Mannequin/Textures/UE4Man_Logo_N.uasset" 188
"../../../APEXTEST2/Content/AnimationAssets/UE4_Mannequin/Materials/M_UE4Man_ChestLogo.uasset" 189
"../../../APEXTEST2/Content/AnimationAssets/UE4_Mannequin/Mesh/SK_Mannequin_PhysicsAsset.uasset" 190
"../../../APEXTEST2/Content/AnimationAssets/UE4_Mannequin/Mesh/SK_Mannequin.uasset" 191
"../../../APEXTEST2/Content/Blueprints/EnemyCharacter.uasset" 192
"../../../APEXTEST2/Content/Materials/ArmorMat.uasset" 193
"../../../APEXTEST2/Content/Blueprints/Armor+.uasset" 194
"../../../APEXTEST2/Content/Blueprints/EnemyBoss.uasset" 195
"../../../APEXTEST2/Content/Materials/HPMat.uasset" 196
"../../../APEXTEST2/Content/Blueprints/HP+.uasset" 197
"../../../APEXTEST2/Content/Blueprints/EnemySpawner.uasset" 198
"../../../APEXTEST2/Content/Models/ExampleContent/Blueprint_Communication/Textures/T_Battery_M.uasset" 199
"../../../APEXTEST2/Content/Models/ExampleContent/Blueprint_Communication/Materials/M_Battery.uasset" 200
"../../../APEXTEST2/Content/Models/ExampleContent/Blueprint_Communication/Meshes/SM_Battery_Small.uasset" 201
"../../../APEXTEST2/Content/Blueprints/BatteryType1.uasset" 202
"../../../APEXTEST2/Content/Materials/ProjectileMat.uasset" 203
"../../../APEXTEST2/Content/StarterContent/Particles/Materials/M_Radial_Gradient.uasset" 204
"../../../APEXTEST2/Content/StarterContent/Textures/T_Spark_Core.uasset" 205
"../../../APEXTEST2/Content/StarterContent/Particles/Materials/M_Spark.uasset" 206
"../../../APEXTEST2/Content/StarterContent/Particles/LaserSparks.uasset" 207
"../../../APEXTEST2/Content/Blueprints/Projectile.uasset" 208
"../../../Engine/Content/Functions/Engine_MaterialFunctions01/Shading/MetallicShading.uasset" 209
"../../../APEXTEST2/Content/FPWeapon/Materials/MF_BaseColorTintAndContrast.uasset" 210
"../../../APEXTEST2/Content/FPWeapon/Materials/MF_RoughnessAdjustment.uasset" 211
"../../../APEXTEST2/Content/FPWeapon/Materials/MaterialLayers/T_ML_FineRubber.uasset" 212
"../../../APEXTEST2/Content/FPWeapon/Materials/MaterialLayers/T_ML_Rubber_Blue_01_D.uasset" 213
"../../../APEXTEST2/Content/FPWeapon/Materials/MaterialLayers/T_ML_Rubber_Blue_01_N.uasset" 214
"../../../APEXTEST2/Content/FPWeapon/Textures/UE4_Mannequin_occlusion_Mobile.uasset" 215
"../../../APEXTEST2/Content/FPWeapon/Materials/MaterialLayers/ML_GlossyBlack_Latex_UE4.uasset" 216
"../../../APEXTEST2/Content/FPWeapon/Materials/MaterialLayers/ML_Plastic_Shiny_Beige.uasset" 217
"../../../APEXTEST2/Content/FPWeapon/Textures/UE4_LOGO_CARD.uasset" 218
"../../../APEXTEST2/Content/FPWeapon/Materials/MaterialLayers/ML_Plastic_Shiny_Beige_LOGO.uasset" 219
"../../../APEXTEST2/Content/FPWeapon/Materials/MaterialLayers/T_ML_Aluminum01.uasset" 220
"../../../APEXTEST2/Content/FPWeapon/Materials/MaterialLayers/T_ML_Aluminum01_N.uasset" 221
"../../../APEXTEST2/Content/FPWeapon/Materials/MaterialLayers/ML_SoftMetal_UE4.uasset" 222
"../../../APEXTEST2/Content/FPWeapon/Textures/T_FPGun_AO.uasset" 223
"../../../APEXTEST2/Content/FPWeapon/Textures/T_FPGun_M.uasset" 224
"../../../APEXTEST2/Content/FPWeapon/Textures/T_FPGun_N.uasset" 225
"../../../APEXTEST2/Content/FPWeapon/Materials/M_FPGun.uasset" 226
"../../../APEXTEST2/Content/FPWeapon/Materials/MI_FPGun.uasset" 227
"../../../APEXTEST2/Content/FPWeapon/Mesh/SK_FPGun_PhysicsAsset.uasset" 228
"../../../APEXTEST2/Content/FPWeapon/Mesh/SK_FPGun_Skeleton.uasset" 229
"../../../APEXTEST2/Content/FPWeapon/Mesh/SK_FPGun.uasset" 230
"../../../APEXTEST2/Content/Blueprints/WeaponType1.uasset" 231
"../../../APEXTEST2/Content/Blueprints/TwinStickHUD.uasset" 232
"../../../APEXTEST2/Content/Blueprints/TwinStick.uasset" 233
"../../../APEXTEST2/Content/Blueprints/Weapon.uasset" 234
"../../../APEXTEST2/Content/Blueprints/PauseMenu.uasset" 235
"../../../APEXTEST2/Content/NetPredelaDCP/lambert1.uasset" 236
"../../../APEXTEST2/Content/NetPredelaDCP/lambert2.uasset" 237
"../../../APEXTEST2/Content/NetPredelaDCP/Model_var2_PhysicsAsset.uasset" 238
"../../../APEXTEST2/Content/NetPredelaDCP/Model_var2.uasset" 239
"../../../APEXTEST2/Content/StarterContent/Materials/M_Basic_Wall.uasset" 240
"../../../APEXTEST2/Content/StarterContent/Shapes/Shape_NarrowCapsule.uasset" 241
"../../../APEXTEST2/Content/Blueprints/HeroCharacter.uasset" 242
"../../../APEXTEST2/Content/Blueprints/Ammo+.uasset" 243
"../../../APEXTEST2/Content/Blueprints/EnemyType2Violet.uasset" 244
"../../../APEXTEST2/Content/Blueprints/EnemyType3Green.uasset" 245
"../../../APEXTEST2/Content/Materials/SpawnerMat.uasset" 246
"../../../APEXTEST2/Content/Blueprints/SpawnerV2.uasset" 247
"../../../APEXTEST2/Content/StarterContent/Textures/T_Concrete_Panels_D.uasset" 248
"../../../APEXTEST2/Content/StarterContent/Textures/T_Concrete_Panels_N.uasset" 249
"../../../APEXTEST2/Content/StarterContent/Textures/T_MacroVariation.uasset" 250
"../../../APEXTEST2/Content/StarterContent/Textures/T_Perlin_Noise_M.uasset" 251
"../../../APEXTEST2/Content/StarterContent/Materials/M_Concrete_Panels.uasset" 252
"../../../APEXTEST2/Content/Audio/Part_1_Game_WAVE_Cue.uasset" 253
"../../../APEXTEST2/Content/Maps/ArenaMap.umap" 254
"../../../APEXTEST2/Content/Blueprints/LeaderBoards.uasset" 255
"../../../APEXTEST2/Content/Maps/LeaderBoards.umap" 256
"../../../Engine/Content/EngineSky/C_Sky_Cloud_Color.uasset" 257
"../../../Engine/Content/EngineSky/C_Sky_Horizon_Color.uasset" 258
"../../../Engine/Content/EngineSky/C_Sky_Zenith_Color.uasset" 259
"../../../Engine/Content/EngineSky/T_Sky_Blue.uasset" 260
"../../../Engine/Content/EngineSky/T_Sky_Clouds_M.uasset" 261
"../../../Engine/Content/EngineSky/T_Sky_Stars.uasset" 262
"../../../Engine/Content/EngineSky/M_Sky_Panning_Clouds2.uasset" 263
"../../../Engine/Content/EngineSky/SM_SkySphere.uasset" 264
"../../../Engine/Content/EngineSky/BP_Sky_Sphere.uasset" 265
"../../../APEXTEST2/Content/StarterContent/Textures/T_Ground_Grass_D.uasset" 266
"../../../APEXTEST2/Content/StarterContent/Textures/T_Ground_Grass_N.uasset" 267
"../../../APEXTEST2/Content/StarterContent/Materials/M_Ground_Grass.uasset" 268
"../../../APEXTEST2/Content/SpeedTree/BroadleafBark_Normal_Tex.uasset" 269
"../../../APEXTEST2/Content/SpeedTree/BroadleafBark_Tex.uasset" 270
"../../../APEXTEST2/Content/SpeedTree/Broadleaf_Desktop_Branches_2_Mat.uasset" 271
"../../../APEXTEST2/Content/SpeedTree/Broadleaf_Desktop_Branches_Mat.uasset" 272
"../../../Engine/Content/Functions/Engine_MaterialFunctions01/SpeedTree/SpeedTreeColorVariation.uasset" 273
"../../../APEXTEST2/Content/SpeedTree/Broadleaf_Desktop_Atlas_Normal_Tex.uasset" 274
"../../../APEXTEST2/Content/SpeedTree/Broadleaf_Desktop_Atlas_Tex.uasset" 275
"../../../APEXTEST2/Content/SpeedTree/Broadleaf_Desktop_FacingLeaves_Mat.uasset" 276
"../../../APEXTEST2/Content/SpeedTree/Broadleaf_Desktop_Fronds_Mat.uasset" 277
"../../../APEXTEST2/Content/SpeedTree/Broadleaf_Desktop_Leaves_Mat.uasset" 278
"../../../APEXTEST2/Content/SpeedTree/Broadleaf_Desktop.uasset" 279
"../../../APEXTEST2/Content/Maps/OpenLevel1.umap" 280
